<?xml version="1.0" encoding="UTF-8"?>
<testsuite xmlns:xsi="http://www.w3.org/2001/XMLSchema-instance" xsi:noNamespaceSchemaLocation="https://maven.apache.org/surefire/maven-surefire-plugin/xsd/surefire-test-report.xsd" version="3.0.1" name="storm.blueprints.AppTest" time="0.028" tests="1" errors="0" skipped="0" failures="0">
  <properties>
    <property name="gopherProxySet" value="false"/>
    <property name="awt.toolkit" value="sun.lwawt.macosx.LWCToolkit"/>
    <property name="java.specification.version" value="11"/>
    <property name="sun.cpu.isalist" value=""/>
    <property name="sun.jnu.encoding" value="UTF-8"/>
    <property name="java.class.path" value="/Users/ijuyeon/study/storm_study/target/test-classes:/Users/ijuyeon/study/storm_study/target/classes:/Users/ijuyeon/.m2/repository/org/junit/jupiter/junit-jupiter-api/5.11.0/junit-jupiter-api-5.11.0.jar:/Users/ijuyeon/.m2/repository/org/opentest4j/opentest4j/1.3.0/opentest4j-1.3.0.jar:/Users/ijuyeon/.m2/repository/org/junit/platform/junit-platform-commons/1.11.0/junit-platform-commons-1.11.0.jar:/Users/ijuyeon/.m2/repository/org/apiguardian/apiguardian-api/1.1.2/apiguardian-api-1.1.2.jar:/Users/ijuyeon/.m2/repository/org/junit/jupiter/junit-jupiter-params/5.11.0/junit-jupiter-params-5.11.0.jar:/Users/ijuyeon/.m2/repository/org/apache/storm/storm-core/2.7.0/storm-core-2.7.0.jar:/Users/ijuyeon/.m2/repository/com/esotericsoftware/kryo/5.6.0/kryo-5.6.0.jar:/Users/ijuyeon/.m2/repository/com/esotericsoftware/reflectasm/1.11.9/reflectasm-1.11.9.jar:/Users/ijuyeon/.m2/repository/org/objenesis/objenesis/3.3/objenesis-3.3.jar:/Users/ijuyeon/.m2/repository/com/esotericsoftware/minlog/1.3.1/minlog-1.3.1.jar:/Users/ijuyeon/.m2/repository/org/apache/storm/storm-clojure/2.7.0/storm-clojure-2.7.0.jar:/Users/ijuyeon/.m2/repository/org/clojure/tools.logging/0.2.3/tools.logging-0.2.3.jar:/Users/ijuyeon/.m2/repository/org/clojure/clojure/1.11.2/clojure-1.11.2.jar:/Users/ijuyeon/.m2/repository/org/clojure/spec.alpha/0.3.218/spec.alpha-0.3.218.jar:/Users/ijuyeon/.m2/repository/org/clojure/core.specs.alpha/0.2.62/core.specs.alpha-0.2.62.jar:/Users/ijuyeon/.m2/repository/org/clojars/bipinprasad/carbonite/1.6.0/carbonite-1.6.0.jar:/Users/ijuyeon/.m2/repository/com/twitter/chill-java/0.9.5/chill-java-0.9.5.jar:/Users/ijuyeon/.m2/repository/org/apache/storm/storm-server/2.7.0/storm-server-2.7.0.jar:/Users/ijuyeon/.m2/repository/org/apache/storm/storm-client/2.7.0/storm-client-2.7.0.jar:/Users/ijuyeon/.m2/repository/org/apache/storm/storm-shaded-deps/2.7.0/storm-shaded-deps-2.7.0.jar:/Users/ijuyeon/.m2/repository/org/bouncycastle/bcpkix-jdk18on/1.78.1/bcpkix-jdk18on-1.78.1.jar:/Users/ijuyeon/.m2/repository/org/bouncycastle/bcprov-jdk18on/1.78.1/bcprov-jdk18on-1.78.1.jar:/Users/ijuyeon/.m2/repository/org/bouncycastle/bcutil-jdk18on/1.78.1/bcutil-jdk18on-1.78.1.jar:/Users/ijuyeon/.m2/repository/com/sun/activation/jakarta.activation/1.2.1/jakarta.activation-1.2.1.jar:/Users/ijuyeon/.m2/repository/jakarta/activation/jakarta.activation-api/1.2.1/jakarta.activation-api-1.2.1.jar:/Users/ijuyeon/.m2/repository/jakarta/xml/bind/jakarta.xml.bind-api/2.3.2/jakarta.xml.bind-api-2.3.2.jar:/Users/ijuyeon/.m2/repository/javax/annotation/javax.annotation-api/1.3.2/javax.annotation-api-1.3.2.jar:/Users/ijuyeon/.m2/repository/io/dropwizard/metrics/metrics-graphite/4.2.27/metrics-graphite-4.2.27.jar:/Users/ijuyeon/.m2/repository/com/rabbitmq/amqp-client/5.21.0/amqp-client-5.21.0.jar:/Users/ijuyeon/.m2/repository/io/dropwizard/metrics/metrics-jvm/4.2.27/metrics-jvm-4.2.27.jar:/Users/ijuyeon/.m2/repository/io/dropwizard/metrics/metrics-core/4.2.27/metrics-core-4.2.27.jar:/Users/ijuyeon/.m2/repository/io/dropwizard/metrics/metrics-jmx/4.2.27/metrics-jmx-4.2.27.jar:/Users/ijuyeon/.m2/repository/org/apache/commons/commons-exec/1.3/commons-exec-1.3.jar:/Users/ijuyeon/.m2/repository/org/apache/commons/commons-compress/1.26.0/commons-compress-1.26.0.jar:/Users/ijuyeon/.m2/repository/org/apache/commons/commons-lang3/3.14.0/commons-lang3-3.14.0.jar:/Users/ijuyeon/.m2/repository/org/rocksdb/rocksdbjni/8.10.0/rocksdbjni-8.10.0.jar:/Users/ijuyeon/.m2/repository/jline/jline/0.9.94/jline-0.9.94.jar:/Users/ijuyeon/.m2/repository/jakarta/servlet/jakarta.servlet-api/5.0.0/jakarta.servlet-api-5.0.0.jar:/Users/ijuyeon/.m2/repository/org/apache/commons/commons-collections4/4.4/commons-collections4-4.4.jar:/Users/ijuyeon/.m2/repository/org/yaml/snakeyaml/2.2/snakeyaml-2.2.jar:/Users/ijuyeon/.m2/repository/org/apache/httpcomponents/httpclient/4.5.14/httpclient-4.5.14.jar:/Users/ijuyeon/.m2/repository/org/apache/httpcomponents/httpcore/4.4.16/httpcore-4.4.16.jar:/Users/ijuyeon/.m2/repository/commons-logging/commons-logging/1.2/commons-logging-1.2.jar:/Users/ijuyeon/.m2/repository/com/fasterxml/jackson/core/jackson-databind/2.17.2/jackson-databind-2.17.2.jar:/Users/ijuyeon/.m2/repository/com/fasterxml/jackson/core/jackson-annotations/2.17.2/jackson-annotations-2.17.2.jar:/Users/ijuyeon/.m2/repository/commons-cli/commons-cli/1.4/commons-cli-1.4.jar:/Users/ijuyeon/.m2/repository/commons-io/commons-io/2.14.0/commons-io-2.14.0.jar:/Users/ijuyeon/.m2/repository/commons-lang/commons-lang/2.6/commons-lang-2.6.jar:/Users/ijuyeon/.m2/repository/net/minidev/json-smart/2.5.1/json-smart-2.5.1.jar:/Users/ijuyeon/.m2/repository/net/minidev/accessors-smart/2.5.1/accessors-smart-2.5.1.jar:/Users/ijuyeon/.m2/repository/org/ow2/asm/asm/9.6/asm-9.6.jar:/Users/ijuyeon/.m2/repository/com/google/guava/guava/33.0.0-jre/guava-33.0.0-jre.jar:/Users/ijuyeon/.m2/repository/com/google/guava/failureaccess/1.0.2/failureaccess-1.0.2.jar:/Users/ijuyeon/.m2/repository/com/google/guava/listenablefuture/9999.0-empty-to-avoid-conflict-with-guava/listenablefuture-9999.0-empty-to-avoid-conflict-with-guava.jar:/Users/ijuyeon/.m2/repository/com/google/code/findbugs/jsr305/3.0.2/jsr305-3.0.2.jar:/Users/ijuyeon/.m2/repository/org/checkerframework/checker-qual/3.42.0/checker-qual-3.42.0.jar:/Users/ijuyeon/.m2/repository/com/google/errorprone/error_prone_annotations/2.25.0/error_prone_annotations-2.25.0.jar:/Users/ijuyeon/.m2/repository/com/google/j2objc/j2objc-annotations/2.8/j2objc-annotations-2.8.jar:/Users/ijuyeon/.m2/repository/org/apache/logging/log4j/log4j-api/2.23.0/log4j-api-2.23.0.jar:/Users/ijuyeon/.m2/repository/org/apache/logging/log4j/log4j-core/2.23.0/log4j-core-2.23.0.jar:/Users/ijuyeon/.m2/repository/org/apache/logging/log4j/log4j-slf4j-impl/2.23.0/log4j-slf4j-impl-2.23.0.jar:/Users/ijuyeon/.m2/repository/org/slf4j/log4j-over-slf4j/1.7.36/log4j-over-slf4j-1.7.36.jar:/Users/ijuyeon/.m2/repository/org/slf4j/slf4j-api/1.7.36/slf4j-api-1.7.36.jar:/Users/ijuyeon/.m2/repository/joda-time/joda-time/2.12.7/joda-time-2.12.7.jar:/Users/ijuyeon/.m2/repository/org/eclipse/jetty/jetty-server/11.0.23/jetty-server-11.0.23.jar:/Users/ijuyeon/.m2/repository/org/eclipse/jetty/jetty-http/11.0.23/jetty-http-11.0.23.jar:/Users/ijuyeon/.m2/repository/org/eclipse/jetty/jetty-io/11.0.23/jetty-io-11.0.23.jar:/Users/ijuyeon/.m2/repository/org/eclipse/jetty/toolchain/jetty-jakarta-servlet-api/5.0.2/jetty-jakarta-servlet-api-5.0.2.jar:/Users/ijuyeon/.m2/repository/org/eclipse/jetty/jetty-util/11.0.23/jetty-util-11.0.23.jar:/Users/ijuyeon/.m2/repository/org/eclipse/jetty/jetty-servlet/11.0.23/jetty-servlet-11.0.23.jar:/Users/ijuyeon/.m2/repository/org/eclipse/jetty/jetty-security/11.0.23/jetty-security-11.0.23.jar:/Users/ijuyeon/.m2/repository/org/eclipse/jetty/jetty-servlets/11.0.23/jetty-servlets-11.0.23.jar:/Users/ijuyeon/.m2/repository/com/fasterxml/jackson/core/jackson-core/2.17.2/jackson-core-2.17.2.jar:/Users/ijuyeon/.m2/repository/com/fasterxml/jackson/dataformat/jackson-dataformat-smile/2.17.2/jackson-dataformat-smile-2.17.2.jar:/Users/ijuyeon/.m2/repository/commons-fileupload/commons-fileupload/1.5/commons-fileupload-1.5.jar:/Users/ijuyeon/.m2/repository/commons-codec/commons-codec/1.15/commons-codec-1.15.jar:/Users/ijuyeon/.m2/repository/org/apache/hadoop/hadoop-auth/3.4.0/hadoop-auth-3.4.0.jar:/Users/ijuyeon/.m2/repository/com/nimbusds/nimbus-jose-jwt/9.31/nimbus-jose-jwt-9.31.jar:/Users/ijuyeon/.m2/repository/com/github/stephenc/jcip/jcip-annotations/1.0-1/jcip-annotations-1.0-1.jar:/Users/ijuyeon/.m2/repository/org/apache/zookeeper/zookeeper/3.9.2/zookeeper-3.9.2.jar:/Users/ijuyeon/.m2/repository/org/apache/zookeeper/zookeeper-jute/3.9.2/zookeeper-jute-3.9.2.jar:/Users/ijuyeon/.m2/repository/org/apache/yetus/audience-annotations/0.12.0/audience-annotations-0.12.0.jar:/Users/ijuyeon/.m2/repository/org/apache/curator/curator-framework/5.7.0/curator-framework-5.7.0.jar:/Users/ijuyeon/.m2/repository/org/apache/curator/curator-client/5.7.0/curator-client-5.7.0.jar:/Users/ijuyeon/.m2/repository/org/apache/kerby/kerb-simplekdc/2.0.3/kerb-simplekdc-2.0.3.jar:/Users/ijuyeon/.m2/repository/org/apache/kerby/kerb-client/2.0.3/kerb-client-2.0.3.jar:/Users/ijuyeon/.m2/repository/org/apache/kerby/kerby-config/2.0.3/kerby-config-2.0.3.jar:/Users/ijuyeon/.m2/repository/org/apache/kerby/kerb-core/2.0.3/kerb-core-2.0.3.jar:/Users/ijuyeon/.m2/repository/org/apache/kerby/kerby-pkix/2.0.3/kerby-pkix-2.0.3.jar:/Users/ijuyeon/.m2/repository/org/apache/kerby/kerby-asn1/2.0.3/kerby-asn1-2.0.3.jar:/Users/ijuyeon/.m2/repository/org/apache/kerby/kerby-util/2.0.3/kerby-util-2.0.3.jar:/Users/ijuyeon/.m2/repository/org/apache/kerby/kerb-common/2.0.3/kerb-common-2.0.3.jar:/Users/ijuyeon/.m2/repository/org/apache/kerby/kerb-crypto/2.0.3/kerb-crypto-2.0.3.jar:/Users/ijuyeon/.m2/repository/org/apache/kerby/kerb-util/2.0.3/kerb-util-2.0.3.jar:/Users/ijuyeon/.m2/repository/org/apache/kerby/token-provider/2.0.3/token-provider-2.0.3.jar:/Users/ijuyeon/.m2/repository/org/apache/kerby/kerb-admin/2.0.3/kerb-admin-2.0.3.jar:/Users/ijuyeon/.m2/repository/org/apache/kerby/kerb-server/2.0.3/kerb-server-2.0.3.jar:/Users/ijuyeon/.m2/repository/org/apache/kerby/kerb-identity/2.0.3/kerb-identity-2.0.3.jar:/Users/ijuyeon/.m2/repository/org/apache/kerby/kerby-xdr/2.0.3/kerby-xdr-2.0.3.jar:/Users/ijuyeon/.m2/repository/org/jline/jline/3.22.0/jline-3.22.0.jar:/Users/ijuyeon/.m2/repository/com/jcraft/jsch/0.1.55/jsch-0.1.55.jar:/Users/ijuyeon/.m2/repository/org/apache/hadoop/thirdparty/hadoop-shaded-guava/1.2.0/hadoop-shaded-guava-1.2.0.jar:"/>
    <property name="java.vm.vendor" value="Eclipse Adoptium"/>
    <property name="sun.arch.data.model" value="64"/>
    <property name="java.vendor.url" value="https://adoptium.net/"/>
    <property name="user.timezone" value=""/>
    <property name="java.vm.specification.version" value="11"/>
    <property name="os.name" value="Mac OS X"/>
    <property name="sun.java.launcher" value="SUN_STANDARD"/>
    <property name="user.country" value="KR"/>
    <property name="sun.boot.library.path" value="/Library/Java/JavaVirtualMachines/temurin-11.jdk/Contents/Home/lib"/>
    <property name="sun.java.command" value="/Users/ijuyeon/study/storm_study/target/surefire/surefirebooter-20250204103057261_3.jar /Users/ijuyeon/study/storm_study/target/surefire 2025-02-04T10-30-57_182-jvmRun1 surefire-20250204103057261_1tmp surefire_0-20250204103057261_2tmp"/>
    <property name="http.nonProxyHosts" value="local|*.local|169.254/16|*.169.254/16"/>
    <property name="jdk.debug" value="release"/>
    <property name="surefire.test.class.path" value="/Users/ijuyeon/study/storm_study/target/test-classes:/Users/ijuyeon/study/storm_study/target/classes:/Users/ijuyeon/.m2/repository/org/junit/jupiter/junit-jupiter-api/5.11.0/junit-jupiter-api-5.11.0.jar:/Users/ijuyeon/.m2/repository/org/opentest4j/opentest4j/1.3.0/opentest4j-1.3.0.jar:/Users/ijuyeon/.m2/repository/org/junit/platform/junit-platform-commons/1.11.0/junit-platform-commons-1.11.0.jar:/Users/ijuyeon/.m2/repository/org/apiguardian/apiguardian-api/1.1.2/apiguardian-api-1.1.2.jar:/Users/ijuyeon/.m2/repository/org/junit/jupiter/junit-jupiter-params/5.11.0/junit-jupiter-params-5.11.0.jar:/Users/ijuyeon/.m2/repository/org/apache/storm/storm-core/2.7.0/storm-core-2.7.0.jar:/Users/ijuyeon/.m2/repository/com/esotericsoftware/kryo/5.6.0/kryo-5.6.0.jar:/Users/ijuyeon/.m2/repository/com/esotericsoftware/reflectasm/1.11.9/reflectasm-1.11.9.jar:/Users/ijuyeon/.m2/repository/org/objenesis/objenesis/3.3/objenesis-3.3.jar:/Users/ijuyeon/.m2/repository/com/esotericsoftware/minlog/1.3.1/minlog-1.3.1.jar:/Users/ijuyeon/.m2/repository/org/apache/storm/storm-clojure/2.7.0/storm-clojure-2.7.0.jar:/Users/ijuyeon/.m2/repository/org/clojure/tools.logging/0.2.3/tools.logging-0.2.3.jar:/Users/ijuyeon/.m2/repository/org/clojure/clojure/1.11.2/clojure-1.11.2.jar:/Users/ijuyeon/.m2/repository/org/clojure/spec.alpha/0.3.218/spec.alpha-0.3.218.jar:/Users/ijuyeon/.m2/repository/org/clojure/core.specs.alpha/0.2.62/core.specs.alpha-0.2.62.jar:/Users/ijuyeon/.m2/repository/org/clojars/bipinprasad/carbonite/1.6.0/carbonite-1.6.0.jar:/Users/ijuyeon/.m2/repository/com/twitter/chill-java/0.9.5/chill-java-0.9.5.jar:/Users/ijuyeon/.m2/repository/org/apache/storm/storm-server/2.7.0/storm-server-2.7.0.jar:/Users/ijuyeon/.m2/repository/org/apache/storm/storm-client/2.7.0/storm-client-2.7.0.jar:/Users/ijuyeon/.m2/repository/org/apache/storm/storm-shaded-deps/2.7.0/storm-shaded-deps-2.7.0.jar:/Users/ijuyeon/.m2/repository/org/bouncycastle/bcpkix-jdk18on/1.78.1/bcpkix-jdk18on-1.78.1.jar:/Users/ijuyeon/.m2/repository/org/bouncycastle/bcprov-jdk18on/1.78.1/bcprov-jdk18on-1.78.1.jar:/Users/ijuyeon/.m2/repository/org/bouncycastle/bcutil-jdk18on/1.78.1/bcutil-jdk18on-1.78.1.jar:/Users/ijuyeon/.m2/repository/com/sun/activation/jakarta.activation/1.2.1/jakarta.activation-1.2.1.jar:/Users/ijuyeon/.m2/repository/jakarta/activation/jakarta.activation-api/1.2.1/jakarta.activation-api-1.2.1.jar:/Users/ijuyeon/.m2/repository/jakarta/xml/bind/jakarta.xml.bind-api/2.3.2/jakarta.xml.bind-api-2.3.2.jar:/Users/ijuyeon/.m2/repository/javax/annotation/javax.annotation-api/1.3.2/javax.annotation-api-1.3.2.jar:/Users/ijuyeon/.m2/repository/io/dropwizard/metrics/metrics-graphite/4.2.27/metrics-graphite-4.2.27.jar:/Users/ijuyeon/.m2/repository/com/rabbitmq/amqp-client/5.21.0/amqp-client-5.21.0.jar:/Users/ijuyeon/.m2/repository/io/dropwizard/metrics/metrics-jvm/4.2.27/metrics-jvm-4.2.27.jar:/Users/ijuyeon/.m2/repository/io/dropwizard/metrics/metrics-core/4.2.27/metrics-core-4.2.27.jar:/Users/ijuyeon/.m2/repository/io/dropwizard/metrics/metrics-jmx/4.2.27/metrics-jmx-4.2.27.jar:/Users/ijuyeon/.m2/repository/org/apache/commons/commons-exec/1.3/commons-exec-1.3.jar:/Users/ijuyeon/.m2/repository/org/apache/commons/commons-compress/1.26.0/commons-compress-1.26.0.jar:/Users/ijuyeon/.m2/repository/org/apache/commons/commons-lang3/3.14.0/commons-lang3-3.14.0.jar:/Users/ijuyeon/.m2/repository/org/rocksdb/rocksdbjni/8.10.0/rocksdbjni-8.10.0.jar:/Users/ijuyeon/.m2/repository/jline/jline/0.9.94/jline-0.9.94.jar:/Users/ijuyeon/.m2/repository/jakarta/servlet/jakarta.servlet-api/5.0.0/jakarta.servlet-api-5.0.0.jar:/Users/ijuyeon/.m2/repository/org/apache/commons/commons-collections4/4.4/commons-collections4-4.4.jar:/Users/ijuyeon/.m2/repository/org/yaml/snakeyaml/2.2/snakeyaml-2.2.jar:/Users/ijuyeon/.m2/repository/org/apache/httpcomponents/httpclient/4.5.14/httpclient-4.5.14.jar:/Users/ijuyeon/.m2/repository/org/apache/httpcomponents/httpcore/4.4.16/httpcore-4.4.16.jar:/Users/ijuyeon/.m2/repository/commons-logging/commons-logging/1.2/commons-logging-1.2.jar:/Users/ijuyeon/.m2/repository/com/fasterxml/jackson/core/jackson-databind/2.17.2/jackson-databind-2.17.2.jar:/Users/ijuyeon/.m2/repository/com/fasterxml/jackson/core/jackson-annotations/2.17.2/jackson-annotations-2.17.2.jar:/Users/ijuyeon/.m2/repository/commons-cli/commons-cli/1.4/commons-cli-1.4.jar:/Users/ijuyeon/.m2/repository/commons-io/commons-io/2.14.0/commons-io-2.14.0.jar:/Users/ijuyeon/.m2/repository/commons-lang/commons-lang/2.6/commons-lang-2.6.jar:/Users/ijuyeon/.m2/repository/net/minidev/json-smart/2.5.1/json-smart-2.5.1.jar:/Users/ijuyeon/.m2/repository/net/minidev/accessors-smart/2.5.1/accessors-smart-2.5.1.jar:/Users/ijuyeon/.m2/repository/org/ow2/asm/asm/9.6/asm-9.6.jar:/Users/ijuyeon/.m2/repository/com/google/guava/guava/33.0.0-jre/guava-33.0.0-jre.jar:/Users/ijuyeon/.m2/repository/com/google/guava/failureaccess/1.0.2/failureaccess-1.0.2.jar:/Users/ijuyeon/.m2/repository/com/google/guava/listenablefuture/9999.0-empty-to-avoid-conflict-with-guava/listenablefuture-9999.0-empty-to-avoid-conflict-with-guava.jar:/Users/ijuyeon/.m2/repository/com/google/code/findbugs/jsr305/3.0.2/jsr305-3.0.2.jar:/Users/ijuyeon/.m2/repository/org/checkerframework/checker-qual/3.42.0/checker-qual-3.42.0.jar:/Users/ijuyeon/.m2/repository/com/google/errorprone/error_prone_annotations/2.25.0/error_prone_annotations-2.25.0.jar:/Users/ijuyeon/.m2/repository/com/google/j2objc/j2objc-annotations/2.8/j2objc-annotations-2.8.jar:/Users/ijuyeon/.m2/repository/org/apache/logging/log4j/log4j-api/2.23.0/log4j-api-2.23.0.jar:/Users/ijuyeon/.m2/repository/org/apache/logging/log4j/log4j-core/2.23.0/log4j-core-2.23.0.jar:/Users/ijuyeon/.m2/repository/org/apache/logging/log4j/log4j-slf4j-impl/2.23.0/log4j-slf4j-impl-2.23.0.jar:/Users/ijuyeon/.m2/repository/org/slf4j/log4j-over-slf4j/1.7.36/log4j-over-slf4j-1.7.36.jar:/Users/ijuyeon/.m2/repository/org/slf4j/slf4j-api/1.7.36/slf4j-api-1.7.36.jar:/Users/ijuyeon/.m2/repository/joda-time/joda-time/2.12.7/joda-time-2.12.7.jar:/Users/ijuyeon/.m2/repository/org/eclipse/jetty/jetty-server/11.0.23/jetty-server-11.0.23.jar:/Users/ijuyeon/.m2/repository/org/eclipse/jetty/jetty-http/11.0.23/jetty-http-11.0.23.jar:/Users/ijuyeon/.m2/repository/org/eclipse/jetty/jetty-io/11.0.23/jetty-io-11.0.23.jar:/Users/ijuyeon/.m2/repository/org/eclipse/jetty/toolchain/jetty-jakarta-servlet-api/5.0.2/jetty-jakarta-servlet-api-5.0.2.jar:/Users/ijuyeon/.m2/repository/org/eclipse/jetty/jetty-util/11.0.23/jetty-util-11.0.23.jar:/Users/ijuyeon/.m2/repository/org/eclipse/jetty/jetty-servlet/11.0.23/jetty-servlet-11.0.23.jar:/Users/ijuyeon/.m2/repository/org/eclipse/jetty/jetty-security/11.0.23/jetty-security-11.0.23.jar:/Users/ijuyeon/.m2/repository/org/eclipse/jetty/jetty-servlets/11.0.23/jetty-servlets-11.0.23.jar:/Users/ijuyeon/.m2/repository/com/fasterxml/jackson/core/jackson-core/2.17.2/jackson-core-2.17.2.jar:/Users/ijuyeon/.m2/repository/com/fasterxml/jackson/dataformat/jackson-dataformat-smile/2.17.2/jackson-dataformat-smile-2.17.2.jar:/Users/ijuyeon/.m2/repository/commons-fileupload/commons-fileupload/1.5/commons-fileupload-1.5.jar:/Users/ijuyeon/.m2/repository/commons-codec/commons-codec/1.15/commons-codec-1.15.jar:/Users/ijuyeon/.m2/repository/org/apache/hadoop/hadoop-auth/3.4.0/hadoop-auth-3.4.0.jar:/Users/ijuyeon/.m2/repository/com/nimbusds/nimbus-jose-jwt/9.31/nimbus-jose-jwt-9.31.jar:/Users/ijuyeon/.m2/repository/com/github/stephenc/jcip/jcip-annotations/1.0-1/jcip-annotations-1.0-1.jar:/Users/ijuyeon/.m2/repository/org/apache/zookeeper/zookeeper/3.9.2/zookeeper-3.9.2.jar:/Users/ijuyeon/.m2/repository/org/apache/zookeeper/zookeeper-jute/3.9.2/zookeeper-jute-3.9.2.jar:/Users/ijuyeon/.m2/repository/org/apache/yetus/audience-annotations/0.12.0/audience-annotations-0.12.0.jar:/Users/ijuyeon/.m2/repository/org/apache/curator/curator-framework/5.7.0/curator-framework-5.7.0.jar:/Users/ijuyeon/.m2/repository/org/apache/curator/curator-client/5.7.0/curator-client-5.7.0.jar:/Users/ijuyeon/.m2/repository/org/apache/kerby/kerb-simplekdc/2.0.3/kerb-simplekdc-2.0.3.jar:/Users/ijuyeon/.m2/repository/org/apache/kerby/kerb-client/2.0.3/kerb-client-2.0.3.jar:/Users/ijuyeon/.m2/repository/org/apache/kerby/kerby-config/2.0.3/kerby-config-2.0.3.jar:/Users/ijuyeon/.m2/repository/org/apache/kerby/kerb-core/2.0.3/kerb-core-2.0.3.jar:/Users/ijuyeon/.m2/repository/org/apache/kerby/kerby-pkix/2.0.3/kerby-pkix-2.0.3.jar:/Users/ijuyeon/.m2/repository/org/apache/kerby/kerby-asn1/2.0.3/kerby-asn1-2.0.3.jar:/Users/ijuyeon/.m2/repository/org/apache/kerby/kerby-util/2.0.3/kerby-util-2.0.3.jar:/Users/ijuyeon/.m2/repository/org/apache/kerby/kerb-common/2.0.3/kerb-common-2.0.3.jar:/Users/ijuyeon/.m2/repository/org/apache/kerby/kerb-crypto/2.0.3/kerb-crypto-2.0.3.jar:/Users/ijuyeon/.m2/repository/org/apache/kerby/kerb-util/2.0.3/kerb-util-2.0.3.jar:/Users/ijuyeon/.m2/repository/org/apache/kerby/token-provider/2.0.3/token-provider-2.0.3.jar:/Users/ijuyeon/.m2/repository/org/apache/kerby/kerb-admin/2.0.3/kerb-admin-2.0.3.jar:/Users/ijuyeon/.m2/repository/org/apache/kerby/kerb-server/2.0.3/kerb-server-2.0.3.jar:/Users/ijuyeon/.m2/repository/org/apache/kerby/kerb-identity/2.0.3/kerb-identity-2.0.3.jar:/Users/ijuyeon/.m2/repository/org/apache/kerby/kerby-xdr/2.0.3/kerby-xdr-2.0.3.jar:/Users/ijuyeon/.m2/repository/org/jline/jline/3.22.0/jline-3.22.0.jar:/Users/ijuyeon/.m2/repository/com/jcraft/jsch/0.1.55/jsch-0.1.55.jar:/Users/ijuyeon/.m2/repository/org/apache/hadoop/thirdparty/hadoop-shaded-guava/1.2.0/hadoop-shaded-guava-1.2.0.jar:"/>
    <property name="sun.cpu.endian" value="little"/>
    <property name="user.home" value="/Users/ijuyeon"/>
    <property name="user.language" value="ko"/>
    <property name="java.specification.vendor" value="Oracle Corporation"/>
    <property name="java.version.date" value="2024-10-15"/>
    <property name="java.home" value="/Library/Java/JavaVirtualMachines/temurin-11.jdk/Contents/Home"/>
    <property name="file.separator" value="/"/>
    <property name="basedir" value="/Users/ijuyeon/study/storm_study"/>
    <property name="java.vm.compressedOopsMode" value="Zero based"/>
    <property name="line.separator" value="&#10;"/>
    <property name="java.specification.name" value="Java Platform API Specification"/>
    <property name="java.vm.specification.vendor" value="Oracle Corporation"/>
    <property name="java.awt.graphicsenv" value="sun.awt.CGraphicsEnvironment"/>
    <property name="surefire.real.class.path" value="/Users/ijuyeon/study/storm_study/target/surefire/surefirebooter-20250204103057261_3.jar"/>
    <property name="sun.management.compiler" value="HotSpot 64-Bit Tiered Compilers"/>
    <property name="ftp.nonProxyHosts" value="local|*.local|169.254/16|*.169.254/16"/>
    <property name="java.runtime.version" value="11.0.25+9"/>
    <property name="user.name" value="ijuyeon"/>
    <property name="path.separator" value=":"/>
    <property name="os.version" value="14.5"/>
    <property name="java.runtime.name" value="OpenJDK Runtime Environment"/>
    <property name="file.encoding" value="UTF-8"/>
    <property name="java.vm.name" value="OpenJDK 64-Bit Server VM"/>
    <property name="java.vendor.version" value="Temurin-11.0.25+9"/>
    <property name="localRepository" value="/Users/ijuyeon/.m2/repository"/>
    <property name="java.vendor.url.bug" value="https://github.com/adoptium/adoptium-support/issues"/>
    <property name="java.io.tmpdir" value="/var/folders/ml/w6_7m0cs2lj3jxs_x9_8qpjr0000gn/T/"/>
    <property name="idea.version" value="2024.2.0.2"/>
    <property name="java.version" value="11.0.25"/>
    <property name="user.dir" value="/Users/ijuyeon/study/storm_study"/>
    <property name="os.arch" value="aarch64"/>
    <property name="java.vm.specification.name" value="Java Virtual Machine Specification"/>
    <property name="java.awt.printerjob" value="sun.lwawt.macosx.CPrinterJob"/>
    <property name="sun.os.patch.level" value="unknown"/>
    <property name="java.library.path" value="/Users/ijuyeon/Library/Java/Extensions:/Library/Java/Extensions:/Network/Library/Java/Extensions:/System/Library/Java/Extensions:/usr/lib/java:."/>
    <property name="java.vm.info" value="mixed mode"/>
    <property name="java.vendor" value="Eclipse Adoptium"/>
    <property name="java.vm.version" value="11.0.25+9"/>
    <property name="java.specification.maintenance.version" value="3"/>
    <property name="sun.io.unicode.encoding" value="UnicodeBig"/>
    <property name="java.class.version" value="55.0"/>
    <property name="socksNonProxyHosts" value="local|*.local|169.254/16|*.169.254/16"/>
  </properties>
  <testcase name="shouldAnswerWithTrue" classname="storm.blueprints.AppTest" time="0.014"/>
</testsuite>